<?xml version="1.0" encoding="UTF-8"?>
<!-- Generated by org.testng.reporters.JUnitReportReporter -->
<testsuite hostname="DESKTOP-400C7NF" failures="0" tests="5" name="WeRPlayAssignemnts.Task1" time="112.966" errors="0" timestamp="2021-01-25T11:55:14 PKT" skipped="0">
  <testcase classname="WeRPlayAssignemnts.Task1" name="Signup" time="23.682"/>
  <system-out/>
  <testcase classname="WeRPlayAssignemnts.Task1" name="EmailVerification" time="20.976"/>
  <system-out/>
  <testcase classname="WeRPlayAssignemnts.Task1" name="FieldVerification" time="0.084"/>
  <system-out/>
  <testcase classname="WeRPlayAssignemnts.Task1" name="CartTask" time="44.843"/>
  <system-out/>
  <testcase classname="WeRPlayAssignemnts.Task1" name="Checkout" time="23.381"/>
  <system-out/>
</testsuite> <!-- WeRPlayAssignemnts.Task1 -->
